<?xml version="1.0" encoding="UTF-8"?>
<!-- Generated by org.testng.reporters.JUnitReportReporter -->
<testsuite hostname="DESKTOP-N2JB7LM" failures="0" tests="2" name="Tests.verifyMyInfoPage_Test" time="46.609" errors="0" timestamp="2024-05-18T15:52:57 IST" skipped="0">
  <testcase classname="Tests.verifyMyInfoPage_Test" name="updatePersonalInfo_Test01" time="30.940"/>
  <system-out/>
  <testcase classname="Tests.verifyMyInfoPage_Test" name="verifyMyinfoPanel_Test02" time="15.669"/>
  <system-out/>
</testsuite> <!-- Tests.verifyMyInfoPage_Test -->
