<?xml version="1.0" encoding="UTF-8"?>
<!-- Generated by org.testng.reporters.JUnitReportReporter -->
<testsuite hostname="DESKTOP-N2JB7LM" failures="0" tests="2" name="Tests.verifyMyInfoPage_Test" time="36.197" errors="0" timestamp="2024-05-18T13:27:03 IST" skipped="0">
  <testcase classname="Tests.verifyMyInfoPage_Test" name="verifyMyinfoPanel_Test02" time="17.094"/>
  <system-out/>
  <testcase classname="Tests.verifyMyInfoPage_Test" name="updatePersonalInfo_Test01" time="19.103"/>
  <system-out/>
</testsuite> <!-- Tests.verifyMyInfoPage_Test -->
