<?xml version="1.0" encoding="UTF-8"?>
<!-- Generated by org.testng.reporters.JUnitReportReporter -->
<testsuite hostname="DESKTOP-N2JB7LM" failures="0" tests="2" name="Tests.verifyMyInfoPage_Test" time="38.407" errors="0" timestamp="2024-05-18T16:54:32 IST" skipped="0">
  <testcase classname="Tests.verifyMyInfoPage_Test" name="updatePersonalInfo_Test01" time="19.808"/>
  <system-out/>
  <testcase classname="Tests.verifyMyInfoPage_Test" name="verifyMyinfoPanel_Test02" time="18.599"/>
  <system-out/>
</testsuite> <!-- Tests.verifyMyInfoPage_Test -->
