<?xml version="1.0" encoding="UTF-8"?>
<!-- Generated by org.testng.reporters.JUnitReportReporter -->
<testsuite hostname="DESKTOP-N2JB7LM" failures="0" tests="2" name="Tests.VerifyLoginpageFunctionality_Test" time="18.041" errors="0" timestamp="2024-05-18T15:52:57 IST" skipped="0">
  <testcase classname="Tests.VerifyLoginpageFunctionality_Test" name="Verifyforgotpassword_Test02" time="7.627"/>
  <system-out/>
  <testcase classname="Tests.VerifyLoginpageFunctionality_Test" name="VerifyLogintoHRM_Test01" time="10.414"/>
  <system-out/>
</testsuite> <!-- Tests.VerifyLoginpageFunctionality_Test -->
