<?xml version="1.0" encoding="UTF-8"?>
<!-- Generated by org.testng.reporters.JUnitReportReporter -->
<testsuite hostname="DESKTOP-N2JB7LM" failures="0" tests="1" name="Tests.verifyHomePage_Test" time="17.017" errors="0" timestamp="2024-05-18T13:27:03 IST" skipped="0">
  <testcase classname="Tests.verifyHomePage_Test" name="VerifyqucikLaunchOptions_Test01" time="17.017"/>
  <system-out/>
</testsuite> <!-- Tests.verifyHomePage_Test -->
