<?xml version="1.0" encoding="UTF-8"?>
<!-- Generated by org.testng.reporters.JUnitReportReporter -->
<testsuite hostname="DESKTOP-N2JB7LM" failures="0" tests="2" name="Tests.VerifyLoginpageFunctionality_Test" time="23.471" errors="0" timestamp="2024-05-18T13:28:27 IST" skipped="0">
  <testcase classname="Tests.VerifyLoginpageFunctionality_Test" name="VerifyLogintoHRM_Test01" time="13.456"/>
  <system-out/>
  <testcase classname="Tests.VerifyLoginpageFunctionality_Test" name="Verifyforgotpassword_Test02" time="10.015"/>
  <system-out/>
</testsuite> <!-- Tests.VerifyLoginpageFunctionality_Test -->
