<?xml version="1.0" encoding="UTF-8"?>
<!-- Generated by org.testng.reporters.JUnitReportReporter -->
<testsuite hostname="DESKTOP-N2JB7LM" failures="0" tests="1" name="Tests.verifyHomePage_Test" time="13.832" errors="0" timestamp="2024-05-18T15:54:20 IST" skipped="0">
  <testcase classname="Tests.verifyHomePage_Test" name="VerifyqucikLaunchOptions_Test01" time="13.832"/>
  <system-out/>
</testsuite> <!-- Tests.verifyHomePage_Test -->
